c:\users\polek\source\repos\automationapi_pt2\core\x64\debug\vc142.pdb
c:\users\polek\source\repos\automationapi_pt2\core\x64\debug\vc142.idb
c:\users\polek\source\repos\automationapi_pt2\core\x64\debug\stringutils.obj
c:\users\polek\source\repos\automationapi_pt2\core\x64\debug\linkedlist.obj
c:\users\polek\source\repos\automationapi_pt2\core\x64\debug\guidobject.obj
c:\users\polek\source\repos\automationapi_pt2\core\x64\debug\dllmain.obj
c:\users\polek\source\repos\automationapi_pt2\core\x64\debug\core.obj
c:\users\polek\source\repos\automationapi_pt2\core\x64\debug\bi.obj
c:\users\polek\source\repos\automationapi_pt2\core\x64\debug\libraryload.obj
c:\users\polek\source\repos\automationapi_pt2\x64\debug\core.lib
c:\users\polek\source\repos\automationapi_pt2\x64\debug\core.exp
c:\users\polek\source\repos\automationapi_pt2\x64\debug\core.dll
c:\users\polek\source\repos\automationapi_pt2\x64\debug\core.ilk
c:\users\polek\source\repos\automationapi_pt2\x64\debug\core.pdb
c:\users\polek\source\repos\automationapi_pt2\core\x64\debug\core.tlog\cl.command.1.tlog
c:\users\polek\source\repos\automationapi_pt2\core\x64\debug\core.tlog\cl.read.1.tlog
c:\users\polek\source\repos\automationapi_pt2\core\x64\debug\core.tlog\cl.write.1.tlog
c:\users\polek\source\repos\automationapi_pt2\core\x64\debug\core.tlog\core.write.1u.tlog
c:\users\polek\source\repos\automationapi_pt2\core\x64\debug\core.tlog\link.23824.delete.1.tlog
c:\users\polek\source\repos\automationapi_pt2\core\x64\debug\core.tlog\link.8644.delete.1.tlog
c:\users\polek\source\repos\automationapi_pt2\core\x64\debug\core.tlog\link.command.1.tlog
c:\users\polek\source\repos\automationapi_pt2\core\x64\debug\core.tlog\link.read.1.tlog
c:\users\polek\source\repos\automationapi_pt2\core\x64\debug\core.tlog\link.write.1.tlog
