c:\users\polek\source\repos\automationapi_pt2\cooldemandloadedlibrary\x64\debug\vc142.pdb
c:\users\polek\source\repos\automationapi_pt2\cooldemandloadedlibrary\x64\debug\vc142.idb
c:\users\polek\source\repos\automationapi_pt2\cooldemandloadedlibrary\x64\debug\dllmain.obj
c:\users\polek\source\repos\automationapi_pt2\cooldemandloadedlibrary\x64\debug\cooldemandloadedlibrary.obj
c:\users\polek\source\repos\automationapi_pt2\cooldemandloadedlibrary\x64\debug\wire.obj
c:\users\polek\source\repos\automationapi_pt2\cooldemandloadedlibrary\x64\debug\routingfeature.obj
c:\users\polek\source\repos\automationapi_pt2\cooldemandloadedlibrary\x64\debug\wireversions.obj
c:\users\polek\source\repos\automationapi_pt2\x64\debug\cooldemandloadedlibrary.lib
c:\users\polek\source\repos\automationapi_pt2\x64\debug\cooldemandloadedlibrary.exp
c:\users\polek\source\repos\automationapi_pt2\x64\debug\cooldemandloadedlibrary.ilk
c:\users\polek\source\repos\automationapi_pt2\x64\debug\cooldemandloadedlibrary.dll
c:\users\polek\source\repos\automationapi_pt2\x64\debug\cooldemandloadedlibrary.pdb
c:\users\polek\source\repos\automationapi_pt2\cooldemandloadedlibrary\x64\debug\cooldema.c50404b5.tlog\cl.command.1.tlog
c:\users\polek\source\repos\automationapi_pt2\cooldemandloadedlibrary\x64\debug\cooldema.c50404b5.tlog\cl.read.1.tlog
c:\users\polek\source\repos\automationapi_pt2\cooldemandloadedlibrary\x64\debug\cooldema.c50404b5.tlog\cl.write.1.tlog
c:\users\polek\source\repos\automationapi_pt2\cooldemandloadedlibrary\x64\debug\cooldema.c50404b5.tlog\cooldemandloadedlibrary.write.1u.tlog
c:\users\polek\source\repos\automationapi_pt2\cooldemandloadedlibrary\x64\debug\cooldema.c50404b5.tlog\link-cvtres.read.1.tlog
c:\users\polek\source\repos\automationapi_pt2\cooldemandloadedlibrary\x64\debug\cooldema.c50404b5.tlog\link-cvtres.write.1.tlog
c:\users\polek\source\repos\automationapi_pt2\cooldemandloadedlibrary\x64\debug\cooldema.c50404b5.tlog\link-rc.read.1.tlog
c:\users\polek\source\repos\automationapi_pt2\cooldemandloadedlibrary\x64\debug\cooldema.c50404b5.tlog\link-rc.write.1.tlog
c:\users\polek\source\repos\automationapi_pt2\cooldemandloadedlibrary\x64\debug\cooldema.c50404b5.tlog\link.13292-cvtres.read.1.tlog
c:\users\polek\source\repos\automationapi_pt2\cooldemandloadedlibrary\x64\debug\cooldema.c50404b5.tlog\link.13292-cvtres.write.1.tlog
c:\users\polek\source\repos\automationapi_pt2\cooldemandloadedlibrary\x64\debug\cooldema.c50404b5.tlog\link.13292-rc.read.1.tlog
c:\users\polek\source\repos\automationapi_pt2\cooldemandloadedlibrary\x64\debug\cooldema.c50404b5.tlog\link.13292-rc.write.1.tlog
c:\users\polek\source\repos\automationapi_pt2\cooldemandloadedlibrary\x64\debug\cooldema.c50404b5.tlog\link.13292.delete.1.tlog
c:\users\polek\source\repos\automationapi_pt2\cooldemandloadedlibrary\x64\debug\cooldema.c50404b5.tlog\link.13292.read.1.tlog
c:\users\polek\source\repos\automationapi_pt2\cooldemandloadedlibrary\x64\debug\cooldema.c50404b5.tlog\link.13292.write.1.tlog
c:\users\polek\source\repos\automationapi_pt2\cooldemandloadedlibrary\x64\debug\cooldema.c50404b5.tlog\link.command.1.tlog
c:\users\polek\source\repos\automationapi_pt2\cooldemandloadedlibrary\x64\debug\cooldema.c50404b5.tlog\link.read.1.tlog
c:\users\polek\source\repos\automationapi_pt2\cooldemandloadedlibrary\x64\debug\cooldema.c50404b5.tlog\link.write.1.tlog
