c:\users\polek\source\repos\automationapi_pt2\x64\debug\applibrary.lib
c:\users\polek\source\repos\automationapi_pt2\x64\debug\applibrary.exp
c:\users\polek\source\repos\automationapi_pt2\applibrary\x64\debug\vc142.pdb
c:\users\polek\source\repos\automationapi_pt2\applibrary\x64\debug\vc142.idb
c:\users\polek\source\repos\automationapi_pt2\applibrary\x64\debug\partops.obj
c:\users\polek\source\repos\automationapi_pt2\applibrary\x64\debug\feature.obj
c:\users\polek\source\repos\automationapi_pt2\applibrary\x64\debug\extrudeversions.obj
c:\users\polek\source\repos\automationapi_pt2\applibrary\x64\debug\extrude.obj
c:\users\polek\source\repos\automationapi_pt2\applibrary\x64\debug\dllmain.obj
c:\users\polek\source\repos\automationapi_pt2\applibrary\x64\debug\block.obj
c:\users\polek\source\repos\automationapi_pt2\applibrary\x64\debug\applibrary.obj
c:\users\polek\source\repos\automationapi_pt2\x64\debug\applibrary.dll
c:\users\polek\source\repos\automationapi_pt2\x64\debug\applibrary.ilk
c:\users\polek\source\repos\automationapi_pt2\x64\debug\applibrary.pdb
c:\users\polek\source\repos\automationapi_pt2\applibrary\x64\debug\applibrary.tlog\applibrary.write.1u.tlog
c:\users\polek\source\repos\automationapi_pt2\applibrary\x64\debug\applibrary.tlog\cl.command.1.tlog
c:\users\polek\source\repos\automationapi_pt2\applibrary\x64\debug\applibrary.tlog\cl.read.1.tlog
c:\users\polek\source\repos\automationapi_pt2\applibrary\x64\debug\applibrary.tlog\cl.write.1.tlog
c:\users\polek\source\repos\automationapi_pt2\applibrary\x64\debug\applibrary.tlog\link.command.1.tlog
c:\users\polek\source\repos\automationapi_pt2\applibrary\x64\debug\applibrary.tlog\link.read.1.tlog
c:\users\polek\source\repos\automationapi_pt2\applibrary\x64\debug\applibrary.tlog\link.write.1.tlog
